C:\USERS\JAEWOOK\DOCUMENTS\KESM2\STAGECONTROLLER\DEBUG\
C:\USERS\JAEWOOK\DOCUMENTS\KESM2\STAGECONTROLLER\DEBUG\CDIALOGSK.OBJ
C:\USERS\JAEWOOK\DOCUMENTS\KESM2\STAGECONTROLLER\DEBUG\CDIALOGSK.SBR
C:\Users\Jaewook\Documents\kesm2\StageController\Debug\cl.command.1.tlog
C:\Users\Jaewook\Documents\kesm2\StageController\Debug\CL.read.1.tlog
C:\Users\Jaewook\Documents\kesm2\StageController\Debug\CL.write.1.tlog
C:\USERS\JAEWOOK\DOCUMENTS\KESM2\STAGECONTROLLER\DEBUG\CURVEFIT.OBJ
C:\USERS\JAEWOOK\DOCUMENTS\KESM2\STAGECONTROLLER\DEBUG\CURVEFIT.SBR
C:\USERS\JAEWOOK\DOCUMENTS\KESM2\STAGECONTROLLER\DEBUG\DIGISTATIC.OBJ
C:\USERS\JAEWOOK\DOCUMENTS\KESM2\STAGECONTROLLER\DEBUG\DIGISTATIC.SBR
C:\USERS\JAEWOOK\DOCUMENTS\KESM2\STAGECONTROLLER\DEBUG\MOTIONCONTROLLER.SBR
C:\USERS\JAEWOOK\DOCUMENTS\KESM2\STAGECONTROLLER\DEBUG\SESSIONDESCDLG.OBJ
C:\USERS\JAEWOOK\DOCUMENTS\KESM2\STAGECONTROLLER\DEBUG\SESSIONDESCDLG.SBR
C:\USERS\JAEWOOK\DOCUMENTS\KESM2\STAGECONTROLLER\DEBUG\SETTINGSDLG.OBJ
C:\USERS\JAEWOOK\DOCUMENTS\KESM2\STAGECONTROLLER\DEBUG\SETTINGSDLG.SBR
C:\USERS\JAEWOOK\DOCUMENTS\KESM2\STAGECONTROLLER\DEBUG\STAGECONTROLLER.OBJ
C:\USERS\JAEWOOK\DOCUMENTS\KESM2\STAGECONTROLLER\DEBUG\STAGECONTROLLER.PCH
C:\USERS\JAEWOOK\DOCUMENTS\KESM2\STAGECONTROLLER\DEBUG\STAGECONTROLLER.SBR
C:\Users\Jaewook\Documents\kesm2\StageController\Debug\StageController.write.1.tlog
C:\USERS\JAEWOOK\DOCUMENTS\KESM2\STAGECONTROLLER\DEBUG\STAIRSTEP.OBJ
C:\USERS\JAEWOOK\DOCUMENTS\KESM2\STAGECONTROLLER\DEBUG\STAIRSTEP.SBR
C:\USERS\JAEWOOK\DOCUMENTS\KESM2\STAGECONTROLLER\DEBUG\STDAFX.OBJ
C:\USERS\JAEWOOK\DOCUMENTS\KESM2\STAGECONTROLLER\DEBUG\STDAFX.SBR
C:\Users\Jaewook\Documents\kesm2\StageController\Debug\vc100.idb
C:\USERS\JAEWOOK\DOCUMENTS\KESM2\STAGECONTROLLER\DEBUG\VC100.PDB
