Build started 2/24/2016 3:11:04 PM.
     1>Project "C:\Users\Jaewook\Documents\kesm2\StageController\StageController.vcxproj" on node 2 (rebuild target(s)).
     1>_PrepareForClean:
         Deleting file ".\Debug\StageController.lastbuildstate".
       InitializeBuildStatus:
         Touching ".\Debug\StageController.unsuccessfulbuild".
       ClCompile:
         C:\Program Files\Microsoft Visual Studio 10.0\VC\bin\CL.exe /c /I"C:\Program Files\GnuWin32\include" /ZI /nologo /W3 /WX- /Od /Oy- /D WIN32 /D _DEBUG /D _WINDOWS /D _VC80_UPGRADE=0x0710 /D _MBCS /D _AFXDLL /Gm- /EHsc /RTC1 /MDd /GS /fp:precise /Zc:wchar_t /Zc:forScope /Yc"stdafx.h" /Fp".\Debug/StageController.pch" /Fo".\Debug/" /Fd".\Debug/vc100.pdb" /FR".\Debug\\" /Gd /TP /analyze- /errorReport:prompt StdAfx.cpp
         StdAfx.cpp
         _WIN32_WINNT not defined. Defaulting to _WIN32_WINNT_MAXVER (see WinSDKVer.h)
         C:\Program Files\Microsoft Visual Studio 10.0\VC\bin\CL.exe /c /I"C:\Program Files\GnuWin32\include" /ZI /nologo /W3 /WX- /Od /Oy- /D WIN32 /D _DEBUG /D _WINDOWS /D _VC80_UPGRADE=0x0710 /D _MBCS /D _AFXDLL /Gm- /EHsc /RTC1 /MDd /GS /fp:precise /Zc:wchar_t /Zc:forScope /Yu"stdafx.h" /Fp".\Debug/StageController.pch" /Fo".\Debug/" /Fd".\Debug/vc100.pdb" /FR".\Debug\\" /Gd /TP /analyze- /errorReport:prompt CDialogSK.cpp Curvefit.cpp Digistatic.cpp MotionController.cpp SessionDescDlg.cpp SettingsDlg.cpp StageController.cpp StageControllerDlg.cpp StairStep.cpp
         CDialogSK.cpp
     1>c:\users\jaewook\documents\kesm2\stagecontroller\cdialogsk.cpp(13): warning C4005: 'LWA_COLORKEY' : macro redefinition
                 c:\program files\microsoft sdks\windows\v7.0a\include\winuser.h(4024) : see previous definition of 'LWA_COLORKEY'
     1>c:\users\jaewook\documents\kesm2\stagecontroller\cdialogsk.cpp(14): warning C4005: 'LWA_ALPHA' : macro redefinition
                 c:\program files\microsoft sdks\windows\v7.0a\include\winuser.h(4025) : see previous definition of 'LWA_ALPHA'
         Curvefit.cpp
         Digistatic.cpp
         MotionController.cpp
     1>c:\u500\mmi\include\qdrvw32.h(285): warning C4200: nonstandard extension used : zero-sized array in struct/union
                 Cannot generate copy-ctor or copy-assignment operator when UDT contains a zero-sized array
     1>c:\users\jaewook\documents\kesm2\stagecontroller\motioncontroller.cpp(219): warning C4101: 'fpLog' : unreferenced local variable
     1>c:\users\jaewook\documents\kesm2\stagecontroller\motioncontroller.cpp(281): warning C4996: 'sprintf': This function or variable may be unsafe. Consider using sprintf_s instead. To disable deprecation, use _CRT_SECURE_NO_WARNINGS. See online help for details.
                 c:\program files\microsoft visual studio 10.0\vc\include\stdio.h(371) : see declaration of 'sprintf'
     1>c:\users\jaewook\documents\kesm2\stagecontroller\motioncontroller.cpp(327): warning C4996: 'strcpy': This function or variable may be unsafe. Consider using strcpy_s instead. To disable deprecation, use _CRT_SECURE_NO_WARNINGS. See online help for details.
                 c:\program files\microsoft visual studio 10.0\vc\include\string.h(105) : see declaration of 'strcpy'
     1>c:\users\jaewook\documents\kesm2\stagecontroller\motioncontroller.cpp(331): warning C4996: 'sprintf': This function or variable may be unsafe. Consider using sprintf_s instead. To disable deprecation, use _CRT_SECURE_NO_WARNINGS. See online help for details.
                 c:\program files\microsoft visual studio 10.0\vc\include\stdio.h(371) : see declaration of 'sprintf'
     1>c:\users\jaewook\documents\kesm2\stagecontroller\motioncontroller.cpp(332): warning C4996: 'strcat': This function or variable may be unsafe. Consider using strcat_s instead. To disable deprecation, use _CRT_SECURE_NO_WARNINGS. See online help for details.
                 c:\program files\microsoft visual studio 10.0\vc\include\string.h(110) : see declaration of 'strcat'
     1>c:\users\jaewook\documents\kesm2\stagecontroller\motioncontroller.cpp(337): warning C4996: 'sprintf': This function or variable may be unsafe. Consider using sprintf_s instead. To disable deprecation, use _CRT_SECURE_NO_WARNINGS. See online help for details.
                 c:\program files\microsoft visual studio 10.0\vc\include\stdio.h(371) : see declaration of 'sprintf'
     1>c:\users\jaewook\documents\kesm2\stagecontroller\motioncontroller.cpp(338): warning C4996: 'strcat': This function or variable may be unsafe. Consider using strcat_s instead. To disable deprecation, use _CRT_SECURE_NO_WARNINGS. See online help for details.
                 c:\program files\microsoft visual studio 10.0\vc\include\string.h(110) : see declaration of 'strcat'
     1>c:\users\jaewook\documents\kesm2\stagecontroller\motioncontroller.cpp(343): warning C4996: 'sprintf': This function or variable may be unsafe. Consider using sprintf_s instead. To disable deprecation, use _CRT_SECURE_NO_WARNINGS. See online help for details.
                 c:\program files\microsoft visual studio 10.0\vc\include\stdio.h(371) : see declaration of 'sprintf'
     1>c:\users\jaewook\documents\kesm2\stagecontroller\motioncontroller.cpp(344): warning C4996: 'strcat': This function or variable may be unsafe. Consider using strcat_s instead. To disable deprecation, use _CRT_SECURE_NO_WARNINGS. See online help for details.
                 c:\program files\microsoft visual studio 10.0\vc\include\string.h(110) : see declaration of 'strcat'
     1>c:\users\jaewook\documents\kesm2\stagecontroller\motioncontroller.cpp(349): warning C4996: 'sprintf': This function or variable may be unsafe. Consider using sprintf_s instead. To disable deprecation, use _CRT_SECURE_NO_WARNINGS. See online help for details.
                 c:\program files\microsoft visual studio 10.0\vc\include\stdio.h(371) : see declaration of 'sprintf'
     1>c:\users\jaewook\documents\kesm2\stagecontroller\motioncontroller.cpp(350): warning C4996: 'strcat': This function or variable may be unsafe. Consider using strcat_s instead. To disable deprecation, use _CRT_SECURE_NO_WARNINGS. See online help for details.
                 c:\program files\microsoft visual studio 10.0\vc\include\string.h(110) : see declaration of 'strcat'
     1>c:\users\jaewook\documents\kesm2\stagecontroller\motioncontroller.cpp(365): warning C4101: 'fpXYZLog' : unreferenced local variable
     1>c:\users\jaewook\documents\kesm2\stagecontroller\motioncontroller.cpp(454): warning C4244: 'initializing' : conversion from 'time_t' to 'int', possible loss of data
     1>c:\users\jaewook\documents\kesm2\stagecontroller\motioncontroller.cpp(521): error C2065: 'i' : undeclared identifier
         SessionDescDlg.cpp
     1>c:\program files\microsoft visual studio 10.0\vc\include\math.h(460): warning C4091: 'extern __declspec(dllimport)' : ignored on left of 'double' when no variable is declared
         SettingsDlg.cpp
     1>c:\program files\microsoft visual studio 10.0\vc\include\math.h(460): warning C4091: 'extern __declspec(dllimport)' : ignored on left of 'double' when no variable is declared
         StageController.cpp
     1>c:\program files\microsoft visual studio 10.0\vc\include\math.h(460): warning C4091: 'extern __declspec(dllimport)' : ignored on left of 'double' when no variable is declared
         StageControllerDlg.cpp
     1>c:\users\jaewook\documents\kesm2\stagecontroller\stagecontrollerdlg.cpp(727): warning C4996: 'chdir': The POSIX name for this item is deprecated. Instead, use the ISO C++ conformant name: _chdir. See online help for details.
                 c:\program files\microsoft visual studio 10.0\vc\include\direct.h(123) : see declaration of 'chdir'
     1>c:\users\jaewook\documents\kesm2\stagecontroller\stagecontrollerdlg.cpp(911): warning C4996: 'strcpy': This function or variable may be unsafe. Consider using strcpy_s instead. To disable deprecation, use _CRT_SECURE_NO_WARNINGS. See online help for details.
                 c:\program files\microsoft visual studio 10.0\vc\include\string.h(105) : see declaration of 'strcpy'
     1>c:\users\jaewook\documents\kesm2\stagecontroller\stagecontrollerdlg.cpp(917): warning C4996: 'strcat': This function or variable may be unsafe. Consider using strcat_s instead. To disable deprecation, use _CRT_SECURE_NO_WARNINGS. See online help for details.
                 c:\program files\microsoft visual studio 10.0\vc\include\string.h(110) : see declaration of 'strcat'
     1>c:\users\jaewook\documents\kesm2\stagecontroller\stagecontrollerdlg.cpp(924): error C2440: '=' : cannot convert from 'const char *' to 'char *'
                 Conversion loses qualifiers
         StairStep.cpp
         Generating Code...
     1>Done Building Project "C:\Users\Jaewook\Documents\kesm2\StageController\StageController.vcxproj" (rebuild target(s)) -- FAILED.

Build FAILED.

Time Elapsed 00:00:10.59
