C:\USERS\JAEWOOK\DOCUMENTS\SAPERA_V8.02\CLASSES\GUI\DEBUG.NET_2010\ABORTDLG.OBJ
C:\USERS\JAEWOOK\DOCUMENTS\SAPERA_V8.02\CLASSES\GUI\DEBUG.NET_2010\ACQCONFIGDLG.OBJ
C:\USERS\JAEWOOK\DOCUMENTS\SAPERA_V8.02\CLASSES\GUI\DEBUG.NET_2010\ACQDLG.OBJ
C:\USERS\JAEWOOK\DOCUMENTS\SAPERA_V8.02\CLASSES\GUI\DEBUG.NET_2010\ASCANDLG.OBJ
C:\USERS\JAEWOOK\DOCUMENTS\SAPERA_V8.02\CLASSES\GUI\DEBUG.NET_2010\AVIFILEDLG.OBJ
C:\USERS\JAEWOOK\DOCUMENTS\SAPERA_V8.02\CLASSES\GUI\DEBUG.NET_2010\BAYERDLG.OBJ
C:\USERS\JAEWOOK\DOCUMENTS\SAPERA_V8.02\CLASSES\GUI\DEBUG.NET_2010\BROWSEDIRDLG.OBJ
C:\USERS\JAEWOOK\DOCUMENTS\SAPERA_V8.02\CLASSES\GUI\DEBUG.NET_2010\BUFDLG.OBJ
C:\USERS\JAEWOOK\DOCUMENTS\SAPERA_V8.02\CLASSES\GUI\DEBUG.NET_2010\CABDLG.OBJ
C:\USERS\JAEWOOK\DOCUMENTS\SAPERA_V8.02\CLASSES\GUI\DEBUG.NET_2010\CAMVICDLG.OBJ
C:\Users\Jaewook\Documents\Sapera_v8.02\Classes\Gui\Debug.NET_2010\cl.command.1.tlog
C:\Users\Jaewook\Documents\Sapera_v8.02\Classes\Gui\Debug.NET_2010\CL.read.1.tlog
C:\Users\Jaewook\Documents\Sapera_v8.02\Classes\Gui\Debug.NET_2010\CL.write.1.tlog
C:\USERS\JAEWOOK\DOCUMENTS\SAPERA_V8.02\CLASSES\GUI\DEBUG.NET_2010\COLORCONVERSIONDLG.OBJ
C:\USERS\JAEWOOK\DOCUMENTS\SAPERA_V8.02\CLASSES\GUI\DEBUG.NET_2010\COMPDLG.OBJ
C:\USERS\JAEWOOK\DOCUMENTS\SAPERA_V8.02\CLASSES\GUI\DEBUG.NET_2010\FLATFIELDDLG.OBJ
C:\USERS\JAEWOOK\DOCUMENTS\SAPERA_V8.02\CLASSES\GUI\DEBUG.NET_2010\GIOBIDIRECTIONALDLG.OBJ
C:\USERS\JAEWOOK\DOCUMENTS\SAPERA_V8.02\CLASSES\GUI\DEBUG.NET_2010\GIOINPUTDLG.OBJ
C:\USERS\JAEWOOK\DOCUMENTS\SAPERA_V8.02\CLASSES\GUI\DEBUG.NET_2010\GIOOUTPUTDLG.OBJ
C:\USERS\JAEWOOK\DOCUMENTS\SAPERA_V8.02\CLASSES\GUI\DEBUG.NET_2010\IMAGEWND.OBJ
C:\USERS\JAEWOOK\DOCUMENTS\SAPERA_V8.02\CLASSES\GUI\DEBUG.NET_2010\JPEGFILEDLG.OBJ
C:\Users\Jaewook\Documents\Sapera_v8.02\Classes\Gui\Debug.NET_2010\link.command.1.tlog
C:\Users\Jaewook\Documents\Sapera_v8.02\Classes\Gui\Debug.NET_2010\link.read.1.tlog
C:\Users\Jaewook\Documents\Sapera_v8.02\Classes\Gui\Debug.NET_2010\link.write.1.tlog
C:\Users\Jaewook\Documents\Sapera_v8.02\Classes\Gui\Debug.NET_2010\link-cvtres.read.1.tlog
C:\Users\Jaewook\Documents\Sapera_v8.02\Classes\Gui\Debug.NET_2010\link-cvtres.write.1.tlog
C:\USERS\JAEWOOK\DOCUMENTS\SAPERA_V8.02\CLASSES\GUI\DEBUG.NET_2010\LOADSAVEDLG.OBJ
C:\USERS\JAEWOOK\DOCUMENTS\SAPERA_V8.02\CLASSES\GUI\DEBUG.NET_2010\LSCANDLG.OBJ
C:\Users\Jaewook\Documents\Sapera_v8.02\Classes\Gui\Debug.NET_2010\mt.command.1.tlog
C:\Users\Jaewook\Documents\Sapera_v8.02\Classes\Gui\Debug.NET_2010\mt.read.1.tlog
C:\Users\Jaewook\Documents\Sapera_v8.02\Classes\Gui\Debug.NET_2010\mt.write.1.tlog
C:\USERS\JAEWOOK\DOCUMENTS\SAPERA_V8.02\CLASSES\GUI\DEBUG.NET_2010\PIXPROABSSUBDLG.OBJ
C:\USERS\JAEWOOK\DOCUMENTS\SAPERA_V8.02\CLASSES\GUI\DEBUG.NET_2010\PIXPRODLG.OBJ
C:\USERS\JAEWOOK\DOCUMENTS\SAPERA_V8.02\CLASSES\GUI\DEBUG.NET_2010\PIXPROINTSCALEDLG.OBJ
C:\USERS\JAEWOOK\DOCUMENTS\SAPERA_V8.02\CLASSES\GUI\DEBUG.NET_2010\PIXPROREFIMAGEDLG.OBJ
C:\USERS\JAEWOOK\DOCUMENTS\SAPERA_V8.02\CLASSES\GUI\DEBUG.NET_2010\PIXPROUFLOWSUBDLG.OBJ
C:\USERS\JAEWOOK\DOCUMENTS\SAPERA_V8.02\CLASSES\GUI\DEBUG.NET_2010\PIXPROWAVGDLG.OBJ
C:\USERS\JAEWOOK\DOCUMENTS\SAPERA_V8.02\CLASSES\GUI\DEBUG.NET_2010\RAWFILEDLG.OBJ
C:\Users\Jaewook\Documents\Sapera_v8.02\Classes\Gui\Debug.NET_2010\rc.command.1.tlog
C:\Users\Jaewook\Documents\Sapera_v8.02\Classes\Gui\Debug.NET_2010\rc.read.1.tlog
C:\Users\Jaewook\Documents\Sapera_v8.02\Classes\Gui\Debug.NET_2010\rc.write.1.tlog
C:\USERS\JAEWOOK\DOCUMENTS\SAPERA_V8.02\CLASSES\GUI\DEBUG.NET_2010\SAPCLASSGUI.OBJ
C:\USERS\JAEWOOK\DOCUMENTS\SAPERA_V8.02\CLASSES\GUI\DEBUG.NET_2010\SAPCLASSGUI.PCH
C:\USERS\JAEWOOK\DOCUMENTS\SAPERA_V8.02\CLASSES\GUI\DEBUG.NET_2010\SAPCLASSGUI.RES
C:\Users\Jaewook\Documents\Sapera_v8.02\Classes\Gui\Debug.NET_2010\SapClassGui.write.1.tlog
C:\USERS\JAEWOOK\DOCUMENTS\SAPERA_V8.02\CLASSES\GUI\DEBUG.NET_2010\SAPCLASSGUI80D.NET_2010.DLL
C:\USERS\JAEWOOK\DOCUMENTS\SAPERA_V8.02\CLASSES\GUI\DEBUG.NET_2010\SAPCLASSGUI80D.NET_2010.DLL.INTERMEDIATE.MANIFEST
C:\USERS\JAEWOOK\DOCUMENTS\SAPERA_V8.02\CLASSES\GUI\DEBUG.NET_2010\SAPCLASSGUI80D.NET_2010.MAP
C:\USERS\JAEWOOK\DOCUMENTS\SAPERA_V8.02\CLASSES\GUI\DEBUG.NET_2010\SAPCLASSGUI80D.PDB
C:\Users\Jaewook\Documents\Sapera_v8.02\Classes\Gui\Debug.NET_2010\SapClassGuiD.exp
C:\Users\Jaewook\Documents\Sapera_v8.02\Classes\Gui\Debug.NET_2010\SapClassGuiD.lib
C:\USERS\JAEWOOK\DOCUMENTS\SAPERA_V8.02\CLASSES\GUI\DEBUG.NET_2010\TIFFFILEDLG.OBJ
C:\USERS\JAEWOOK\DOCUMENTS\SAPERA_V8.02\CLASSES\GUI\DEBUG.NET_2010\VC100.PDB
C:\USERS\JAEWOOK\DOCUMENTS\SAPERA_V8.02\CLASSES\GUI\DEBUG.NET_2010\VIEWDLG.OBJ
