C:\Users\Jaewook\Documents\Sapera_v8.02\Demos\Classes\Vc\GrabDemo\Release\cl.command.1.tlog
C:\Users\Jaewook\Documents\Sapera_v8.02\Demos\Classes\Vc\GrabDemo\Release\CL.read.1.tlog
C:\Users\Jaewook\Documents\Sapera_v8.02\Demos\Classes\Vc\GrabDemo\Release\CL.write.1.tlog
C:\USERS\JAEWOOK\DOCUMENTS\SAPERA_V8.02\DEMOS\CLASSES\VC\GRABDEMO\RELEASE\GRABDEMO.EXE
C:\USERS\JAEWOOK\DOCUMENTS\SAPERA_V8.02\DEMOS\CLASSES\VC\GRABDEMO\RELEASE\GRABDEMO.EXE.INTERMEDIATE.MANIFEST
C:\USERS\JAEWOOK\DOCUMENTS\SAPERA_V8.02\DEMOS\CLASSES\VC\GRABDEMO\RELEASE\GRABDEMO.OBJ
C:\USERS\JAEWOOK\DOCUMENTS\SAPERA_V8.02\DEMOS\CLASSES\VC\GRABDEMO\RELEASE\GRABDEMO.RES
C:\Users\Jaewook\Documents\Sapera_v8.02\Demos\Classes\Vc\GrabDemo\Release\GrabDemo.write.1.tlog
C:\USERS\JAEWOOK\DOCUMENTS\SAPERA_V8.02\DEMOS\CLASSES\VC\GRABDEMO\RELEASE\GRABDEMODLG.OBJ
C:\Users\Jaewook\Documents\Sapera_v8.02\Demos\Classes\Vc\GrabDemo\Release\link.command.1.tlog
C:\Users\Jaewook\Documents\Sapera_v8.02\Demos\Classes\Vc\GrabDemo\Release\link.read.1.tlog
C:\Users\Jaewook\Documents\Sapera_v8.02\Demos\Classes\Vc\GrabDemo\Release\link.write.1.tlog
C:\Users\Jaewook\Documents\Sapera_v8.02\Demos\Classes\Vc\GrabDemo\Release\link-cvtres.read.1.tlog
C:\Users\Jaewook\Documents\Sapera_v8.02\Demos\Classes\Vc\GrabDemo\Release\link-cvtres.write.1.tlog
C:\Users\Jaewook\Documents\Sapera_v8.02\Demos\Classes\Vc\GrabDemo\Release\mt.command.1.tlog
C:\Users\Jaewook\Documents\Sapera_v8.02\Demos\Classes\Vc\GrabDemo\Release\mt.read.1.tlog
C:\Users\Jaewook\Documents\Sapera_v8.02\Demos\Classes\Vc\GrabDemo\Release\mt.write.1.tlog
C:\Users\Jaewook\Documents\Sapera_v8.02\Demos\Classes\Vc\GrabDemo\Release\rc.command.1.tlog
C:\Users\Jaewook\Documents\Sapera_v8.02\Demos\Classes\Vc\GrabDemo\Release\rc.read.1.tlog
C:\Users\Jaewook\Documents\Sapera_v8.02\Demos\Classes\Vc\GrabDemo\Release\rc.write.1.tlog
C:\USERS\JAEWOOK\DOCUMENTS\SAPERA_V8.02\DEMOS\CLASSES\VC\GRABDEMO\RELEASE\VC100.PDB
