C:\Users\Jaewook\Documents\kesm2\GrabDemo\Debug\cl.command.1.tlog
C:\Users\Jaewook\Documents\kesm2\GrabDemo\Debug\CL.read.1.tlog
C:\Users\Jaewook\Documents\kesm2\GrabDemo\Debug\CL.write.1.tlog
C:\USERS\JAEWOOK\DOCUMENTS\KESM2\GRABDEMO\DEBUG\GRABDEMO.EXE
C:\USERS\JAEWOOK\DOCUMENTS\KESM2\GRABDEMO\DEBUG\GRABDEMO.EXE.INTERMEDIATE.MANIFEST
C:\USERS\JAEWOOK\DOCUMENTS\KESM2\GRABDEMO\DEBUG\GRABDEMO.EXE.MANIFEST
C:\USERS\JAEWOOK\DOCUMENTS\KESM2\GRABDEMO\DEBUG\GRABDEMO.ILK
C:\USERS\JAEWOOK\DOCUMENTS\KESM2\GRABDEMO\DEBUG\GRABDEMO.OBJ
C:\USERS\JAEWOOK\DOCUMENTS\KESM2\GRABDEMO\DEBUG\GRABDEMO.PDB
C:\USERS\JAEWOOK\DOCUMENTS\KESM2\GRABDEMO\DEBUG\GRABDEMO.RES
C:\Users\Jaewook\Documents\kesm2\GrabDemo\Debug\GrabDemo.write.1.tlog
C:\Users\Jaewook\Documents\kesm2\GrabDemo\Debug\GrabDemo_2010.vcxprojResolveAssemblyReference.cache
C:\USERS\JAEWOOK\DOCUMENTS\KESM2\GRABDEMO\DEBUG\GRABDEMODLG.OBJ
C:\Users\Jaewook\Documents\kesm2\GrabDemo\Debug\link.command.1.tlog
C:\Users\Jaewook\Documents\kesm2\GrabDemo\Debug\link.read.1.tlog
C:\Users\Jaewook\Documents\kesm2\GrabDemo\Debug\link.write.1.tlog
C:\Users\Jaewook\Documents\kesm2\GrabDemo\Debug\link-cvtres.read.1.tlog
C:\Users\Jaewook\Documents\kesm2\GrabDemo\Debug\link-cvtres.write.1.tlog
C:\Users\Jaewook\Documents\kesm2\GrabDemo\Debug\mt.command.1.tlog
C:\Users\Jaewook\Documents\kesm2\GrabDemo\Debug\mt.read.1.tlog
C:\Users\Jaewook\Documents\kesm2\GrabDemo\Debug\mt.write.1.tlog
C:\Users\Jaewook\Documents\kesm2\GrabDemo\Debug\rc.command.1.tlog
C:\Users\Jaewook\Documents\kesm2\GrabDemo\Debug\rc.read.1.tlog
C:\Users\Jaewook\Documents\kesm2\GrabDemo\Debug\rc.write.1.tlog
C:\Users\Jaewook\Documents\kesm2\GrabDemo\Debug\vc100.idb
C:\USERS\JAEWOOK\DOCUMENTS\KESM2\GRABDEMO\DEBUG\VC100.PDB
Debug\GrabDemo.ilk
Debug\GrabDemo.pdb
