.\Debug\StageController.bsc
.\Debug\StageController.pdb
C:\Users\Jaewook\Documents\kesm2\StageController\.\Debug\StageController.exe
C:\Users\Jaewook\Documents\kesm2\StageController\.\Debug\StageController.exe.intermediate.manifest
C:\Users\Jaewook\Documents\kesm2\StageController\Debug\BscMake.command.1.tlog
C:\Users\Jaewook\Documents\kesm2\StageController\Debug\bscmake.read.1.tlog
C:\Users\Jaewook\Documents\kesm2\StageController\Debug\bscmake.write.1.tlog
C:\USERS\JAEWOOK\DOCUMENTS\KESM2\STAGECONTROLLER\DEBUG\CDIALOGSK.OBJ
C:\USERS\JAEWOOK\DOCUMENTS\KESM2\STAGECONTROLLER\DEBUG\CDIALOGSK.SBR
C:\Users\Jaewook\Documents\kesm2\StageController\Debug\cl.command.1.tlog
C:\Users\Jaewook\Documents\kesm2\StageController\Debug\CL.read.1.tlog
C:\Users\Jaewook\Documents\kesm2\StageController\Debug\CL.write.1.tlog
C:\USERS\JAEWOOK\DOCUMENTS\KESM2\STAGECONTROLLER\DEBUG\CURVEFIT.OBJ
C:\USERS\JAEWOOK\DOCUMENTS\KESM2\STAGECONTROLLER\DEBUG\CURVEFIT.SBR
C:\USERS\JAEWOOK\DOCUMENTS\KESM2\STAGECONTROLLER\DEBUG\DIGISTATIC.OBJ
C:\USERS\JAEWOOK\DOCUMENTS\KESM2\STAGECONTROLLER\DEBUG\DIGISTATIC.SBR
C:\Users\Jaewook\Documents\kesm2\StageController\Debug\link.command.1.tlog
C:\Users\Jaewook\Documents\kesm2\StageController\Debug\link.read.1.tlog
C:\Users\Jaewook\Documents\kesm2\StageController\Debug\link.write.1.tlog
C:\Users\Jaewook\Documents\kesm2\StageController\Debug\link-cvtres.read.1.tlog
C:\Users\Jaewook\Documents\kesm2\StageController\Debug\link-cvtres.write.1.tlog
C:\USERS\JAEWOOK\DOCUMENTS\KESM2\STAGECONTROLLER\DEBUG\MOTIONCONTROLLER.OBJ
C:\USERS\JAEWOOK\DOCUMENTS\KESM2\STAGECONTROLLER\DEBUG\MOTIONCONTROLLER.SBR
C:\Users\Jaewook\Documents\kesm2\StageController\Debug\mt.command.1.tlog
C:\Users\Jaewook\Documents\kesm2\StageController\Debug\mt.read.1.tlog
C:\Users\Jaewook\Documents\kesm2\StageController\Debug\mt.write.1.tlog
C:\Users\Jaewook\Documents\kesm2\StageController\Debug\rc.command.1.tlog
C:\Users\Jaewook\Documents\kesm2\StageController\Debug\rc.read.1.tlog
C:\Users\Jaewook\Documents\kesm2\StageController\Debug\rc.write.1.tlog
C:\USERS\JAEWOOK\DOCUMENTS\KESM2\STAGECONTROLLER\DEBUG\SESSIONDESCDLG.OBJ
C:\USERS\JAEWOOK\DOCUMENTS\KESM2\STAGECONTROLLER\DEBUG\SESSIONDESCDLG.SBR
C:\USERS\JAEWOOK\DOCUMENTS\KESM2\STAGECONTROLLER\DEBUG\SETTINGSDLG.OBJ
C:\USERS\JAEWOOK\DOCUMENTS\KESM2\STAGECONTROLLER\DEBUG\SETTINGSDLG.SBR
C:\USERS\JAEWOOK\DOCUMENTS\KESM2\STAGECONTROLLER\DEBUG\STAGECONTROLLER.BSC
C:\USERS\JAEWOOK\DOCUMENTS\KESM2\STAGECONTROLLER\DEBUG\STAGECONTROLLER.EXE
C:\USERS\JAEWOOK\DOCUMENTS\KESM2\STAGECONTROLLER\DEBUG\STAGECONTROLLER.EXE.INTERMEDIATE.MANIFEST
C:\USERS\JAEWOOK\DOCUMENTS\KESM2\STAGECONTROLLER\DEBUG\STAGECONTROLLER.OBJ
C:\USERS\JAEWOOK\DOCUMENTS\KESM2\STAGECONTROLLER\DEBUG\STAGECONTROLLER.PCH
C:\USERS\JAEWOOK\DOCUMENTS\KESM2\STAGECONTROLLER\DEBUG\STAGECONTROLLER.PDB
C:\USERS\JAEWOOK\DOCUMENTS\KESM2\STAGECONTROLLER\DEBUG\STAGECONTROLLER.RES
C:\USERS\JAEWOOK\DOCUMENTS\KESM2\STAGECONTROLLER\DEBUG\STAGECONTROLLER.SBR
C:\Users\Jaewook\Documents\kesm2\StageController\Debug\StageController.vcxprojResolveAssemblyReference.cache
C:\Users\Jaewook\Documents\kesm2\StageController\Debug\StageController.write.1.tlog
C:\USERS\JAEWOOK\DOCUMENTS\KESM2\STAGECONTROLLER\DEBUG\STAGECONTROLLERDLG.OBJ
C:\USERS\JAEWOOK\DOCUMENTS\KESM2\STAGECONTROLLER\DEBUG\STAGECONTROLLERDLG.SBR
C:\USERS\JAEWOOK\DOCUMENTS\KESM2\STAGECONTROLLER\DEBUG\STAIRSTEP.OBJ
C:\USERS\JAEWOOK\DOCUMENTS\KESM2\STAGECONTROLLER\DEBUG\STAIRSTEP.SBR
C:\USERS\JAEWOOK\DOCUMENTS\KESM2\STAGECONTROLLER\DEBUG\STDAFX.OBJ
C:\USERS\JAEWOOK\DOCUMENTS\KESM2\STAGECONTROLLER\DEBUG\STDAFX.SBR
C:\Users\Jaewook\Documents\kesm2\StageController\Debug\vc100.idb
C:\USERS\JAEWOOK\DOCUMENTS\KESM2\STAGECONTROLLER\DEBUG\VC100.PDB
