C:\Users\Jaewook\Documents\kesm2\DataServer\Debug\cl.command.1.tlog
C:\Users\Jaewook\Documents\kesm2\DataServer\Debug\CL.read.1.tlog
C:\Users\Jaewook\Documents\kesm2\DataServer\Debug\CL.write.1.tlog
C:\USERS\JAEWOOK\DOCUMENTS\KESM2\DATASERVER\DEBUG\DATASERVER.EXE
C:\USERS\JAEWOOK\DOCUMENTS\KESM2\DATASERVER\DEBUG\DATASERVER.EXE.EMBED.MANIFEST
C:\USERS\JAEWOOK\DOCUMENTS\KESM2\DATASERVER\DEBUG\DATASERVER.EXE.EMBED.MANIFEST.RES
C:\USERS\JAEWOOK\DOCUMENTS\KESM2\DATASERVER\DEBUG\DATASERVER.EXE.INTERMEDIATE.MANIFEST
C:\USERS\JAEWOOK\DOCUMENTS\KESM2\DATASERVER\DEBUG\DATASERVER.ILK
C:\USERS\JAEWOOK\DOCUMENTS\KESM2\DATASERVER\DEBUG\DATASERVER.OBJ
C:\USERS\JAEWOOK\DOCUMENTS\KESM2\DATASERVER\DEBUG\DATASERVER.PCH
C:\USERS\JAEWOOK\DOCUMENTS\KESM2\DATASERVER\DEBUG\DATASERVER.PDB
C:\USERS\JAEWOOK\DOCUMENTS\KESM2\DATASERVER\DEBUG\DATASERVER.RES
C:\Users\Jaewook\Documents\kesm2\DataServer\Debug\DataServer.write.1.tlog
C:\Users\Jaewook\Documents\kesm2\DataServer\Debug\DataServer_manifest.rc
C:\USERS\JAEWOOK\DOCUMENTS\KESM2\DATASERVER\DEBUG\DATASERVERDLG.OBJ
C:\Users\Jaewook\Documents\kesm2\DataServer\Debug\link.command.1.tlog
C:\Users\Jaewook\Documents\kesm2\DataServer\Debug\link.read.1.tlog
C:\Users\Jaewook\Documents\kesm2\DataServer\Debug\link.write.1.tlog
C:\Users\Jaewook\Documents\kesm2\DataServer\Debug\link-cvtres.read.1.tlog
C:\Users\Jaewook\Documents\kesm2\DataServer\Debug\link-cvtres.write.1.tlog
C:\Users\Jaewook\Documents\kesm2\DataServer\Debug\mt.command.1.tlog
C:\Users\Jaewook\Documents\kesm2\DataServer\Debug\mt.read.1.tlog
C:\Users\Jaewook\Documents\kesm2\DataServer\Debug\mt.write.1.tlog
C:\Users\Jaewook\Documents\kesm2\DataServer\Debug\rc.command.1.tlog
C:\Users\Jaewook\Documents\kesm2\DataServer\Debug\rc.read.1.tlog
C:\Users\Jaewook\Documents\kesm2\DataServer\Debug\rc.write.1.tlog
C:\USERS\JAEWOOK\DOCUMENTS\KESM2\DATASERVER\DEBUG\SERVERSOCKET.OBJ
C:\USERS\JAEWOOK\DOCUMENTS\KESM2\DATASERVER\DEBUG\SOCKETJR.OBJ
C:\USERS\JAEWOOK\DOCUMENTS\KESM2\DATASERVER\DEBUG\STDAFX.OBJ
C:\Users\Jaewook\Documents\kesm2\DataServer\Debug\vc100.idb
C:\USERS\JAEWOOK\DOCUMENTS\KESM2\DATASERVER\DEBUG\VC100.PDB
Debug\DataServer.ilk
Debug\DataServer.pdb
